  fric  rollfric   rest   flow_gs  flow_gs_std   fit_r2
0.2477    0.2249 0.4945 46.289399     0.767038 0.998247
0.2652    0.2330 0.7000 45.817464     1.410746 0.998981
0.2955    0.1622 0.4414 45.555708     1.614458 0.998847
0.3315    0.1708 0.7000 46.811415     4.867978 0.998718
0.3545    0.1754 0.6070 45.028008     2.172320 0.998037
0.4001    0.1374 0.5762 43.809523     0.835519 0.999082
0.4499    0.1425 0.3053 43.738361     0.543414 0.999373
0.5874    0.1203 0.4523 42.746140     0.042827 0.999612
0.6000    0.1203 0.7000 39.990380     0.594523 0.999326
{
  "n_points": 9,
  "flow_span_gs": 6.821034400442123,
  "seed_noise_gs": 0.8355189051764742,
  "span_over_noise": 8.163830115850482,
  "spearman_fric_vs_flow": -0.9,
  "flow_min_gs": 39.99038046962094,
  "flow_max_gs": 46.81141487006306,
  "go": true,
  "criterion": "span >= 5x seed noise AND |spearman| >= 0.8"
}
VERDICT: DISCRIMINATES — graduate drawdown to a full response
